<?xml version="1.0" encoding="UTF-8"?>
<!-- Generated by org.testng.reporters.JUnitReportReporter -->
<testsuite hostname="VladPC" failures="0" tests="1" name="org.example.AppTest" time="0.004" errors="0" timestamp="2020-05-03T20:53:04 EEST" skipped="0">
  <testcase classname="org.example.AppTest" name="secondTest" time="0.004"/>
  <system-out/>
</testsuite> <!-- org.example.AppTest -->
